Filename                      Regions    Missed Regions     Cover   Functions  Missed Functions  Executed       Lines      Missed Lines     Cover    Branches   Missed Branches     Cover
-----------------------------------------------------------------------------------------------------------------------------------------------------------------------------------------
device.rs                         315                13    95.87%          21                 1    95.24%         210                12    94.29%           0                 0         -
finch.rs                            5                 5     0.00%           1                 1     0.00%           6                 6     0.00%           0                 0         -
hummingbird.rs                     86                 2    97.67%          10                 0   100.00%          61                 2    96.72%           0                 0         -
microbit.rs                        16                 0   100.00%           2                 0   100.00%          14                 0   100.00%           0                 0         -
request.rs                         29                 0   100.00%           4                 0   100.00%          30                 0   100.00%           0                 0         -
state.rs                           14                 0   100.00%           3                 0   100.00%          16                 0   100.00%           0                 0         -
utility.rs                        191                 3    98.43%          18                 1    94.44%         136                 3    97.79%           0                 0         -
-----------------------------------------------------------------------------------------------------------------------------------------------------------------------------------------
TOTAL                             656                23    96.49%          59                 3    94.92%         473                23    95.14%           0                 0         -
